[    0.000000] Linux version 4.15.0-212-generic (buildd@lcy02-amd64-083) (gcc version 7.5.0 (Ubuntu 7.5.0-3ubuntu1~18.04)) #223-Ubuntu SMP Tue May 23 13:09:22 UTC 2023 (Ubuntu 4.15.0-212.223-generic 4.15.18)
[    0.000000] Command line: BOOT_IMAGE=/boot/vmlinuz-4.15.0-212-generic root=LABEL=cloudimg-rootfs ro console=tty1 console=ttyS0
[    0.000000] KERNEL supported cpus:
[    0.000000]   Intel GenuineIntel
[    0.000000]   AMD AuthenticAMD
[    0.000000]   Centaur CentaurHauls
[    0.000000] x86/fpu: x87 FPU will use FXSAVE
[    0.000000] e820: BIOS-provided physical RAM map:
[    0.000000] BIOS-e820: [mem 0x0000000000000000-0x000000000009fbff] usable
[    0.000000] BIOS-e820: [mem 0x000000000009fc00-0x000000000009ffff] reserved
[    0.000000] BIOS-e820: [mem 0x00000000000f0000-0x00000000000fffff] reserved
[    0.000000] BIOS-e820: [mem 0x0000000000100000-0x000000001ffeffff] usable
[    0.000000] BIOS-e820: [mem 0x000000001fff0000-0x000000001fffffff] ACPI data
[    0.000000] BIOS-e820: [mem 0x00000000fec00000-0x00000000fec00fff] reserved
[    0.000000] BIOS-e820: [mem 0x00000000fee00000-0x00000000fee00fff] reserved
[    0.000000] BIOS-e820: [mem 0x00000000fffc0000-0x00000000ffffffff] reserved
[    0.000000] NX (Execute Disable) protection: active
[    0.000000] SMBIOS 2.5 present.
[    0.000000] DMI: innotek GmbH VirtualBox/VirtualBox, BIOS VirtualBox 12/01/2006
[    0.000000] Hypervisor detected: KVM
[    0.000000] e820: last_pfn = 0x1fff0 max_arch_pfn = 0x400000000
[    0.000000] MTRR: Disabled
[    0.000000] x86/PAT: MTRRs disabled, skipping PAT initialization too.
[    0.000000] CPU MTRRs all blank - virtualized system.
[    0.000000] x86/PAT: Configuration [0-7]: WB  WT  UC- UC  WB  WT  UC- UC  
[    0.000000] found SMP MP-table at [mem 0x0009fff0-0x0009ffff]
[    0.000000] Scanning 1 areas for low memory corruption
[    0.000000] RAMDISK: [mem 0x1dafa000-0x1ee0bfff]
[    0.000000] ACPI: Early table checksum verification disabled
[    0.000000] ACPI: RSDP 0x00000000000E0000 000024 (v02 VBOX  )
[    0.000000] ACPI: XSDT 0x000000001FFF0030 00003C (v01 VBOX   VBOXXSDT 00000001 ASL  00000061)
[    0.000000] ACPI: FACP 0x000000001FFF00F0 0000F4 (v04 VBOX   VBOXFACP 00000001 ASL  00000061)
[    0.000000] ACPI: DSDT 0x000000001FFF0610 002353 (v02 VBOX   VBOXBIOS 00000002 INTL 20100528)
[    0.000000] ACPI: FACS 0x000000001FFF0200 000040
[    0.000000] ACPI: FACS 0x000000001FFF0200 000040
[    0.000000] ACPI: APIC 0x000000001FFF0240 00005C (v02 VBOX   VBOXAPIC 00000001 ASL  00000061)
[    0.000000] ACPI: SSDT 0x000000001FFF02A0 00036C (v01 VBOX   VBOXCPUT 00000002 INTL 20100528)
[    0.000000] ACPI: Reserving FACP table memory at [mem 0x1fff00f0-0x1fff01e3]
[    0.000000] ACPI: Reserving DSDT table memory at [mem 0x1fff0610-0x1fff2962]
[    0.000000] ACPI: Reserving FACS table memory at [mem 0x1fff0200-0x1fff023f]
[    0.000000] ACPI: Reserving FACS table memory at [mem 0x1fff0200-0x1fff023f]
[    0.000000] ACPI: Reserving APIC table memory at [mem 0x1fff0240-0x1fff029b]
[    0.000000] ACPI: Reserving SSDT table memory at [mem 0x1fff02a0-0x1fff060b]
[    0.000000] No NUMA configuration found
[    0.000000] Faking a node at [mem 0x0000000000000000-0x000000001ffeffff]
[    0.000000] NODE_DATA(0) allocated [mem 0x1ffc5000-0x1ffeffff]
[    0.000000] kvm-clock: cpu 0, msr 0:1ff44001, primary cpu clock
[    0.000000] kvm-clock: Using msrs 4b564d01 and 4b564d00
[    0.000000] kvm-clock: using sched offset of 4426379871 cycles
[    0.000000] clocksource: kvm-clock: mask: 0xffffffffffffffff max_cycles: 0x1cd42e4dffb, max_idle_ns: 881590591483 ns
[    0.000000] Zone ranges:
[    0.000000]   DMA      [mem 0x0000000000001000-0x0000000000ffffff]
[    0.000000]   DMA32    [mem 0x0000000001000000-0x000000001ffeffff]
[    0.000000]   Normal   empty
[    0.000000]   Device   empty
[    0.000000] Movable zone start for each node
[    0.000000] Early memory node ranges
[    0.000000]   node   0: [mem 0x0000000000001000-0x000000000009efff]
[    0.000000]   node   0: [mem 0x0000000000100000-0x000000001ffeffff]
[    0.000000] Reserved but unavailable: 104 pages
[    0.000000] Initmem setup node 0 [mem 0x0000000000001000-0x000000001ffeffff]
[    0.000000] ACPI: PM-Timer IO Port: 0x4008
[    0.000000] IOAPIC[0]: apic_id 2, version 32, address 0xfec00000, GSI 0-23
[    0.000000] ACPI: INT_SRC_OVR (bus 0 bus_irq 0 global_irq 2 dfl dfl)
[    0.000000] ACPI: INT_SRC_OVR (bus 0 bus_irq 9 global_irq 9 low level)
[    0.000000] Using ACPI (MADT) for SMP configuration information
[    0.000000] smpboot: Allowing 2 CPUs, 0 hotplug CPUs
[    0.000000] PM: Registered nosave memory: [mem 0x00000000-0x00000fff]
[    0.000000] PM: Registered nosave memory: [mem 0x0009f000-0x0009ffff]
[    0.000000] PM: Registered nosave memory: [mem 0x000a0000-0x000effff]
[    0.000000] PM: Registered nosave memory: [mem 0x000f0000-0x000fffff]
[    0.000000] e820: [mem 0x20000000-0xfebfffff] available for PCI devices
[    0.000000] Booting paravirtualized kernel on KVM
[    0.000000] clocksource: refined-jiffies: mask: 0xffffffff max_cycles: 0xffffffff, max_idle_ns: 7645519600211568 ns
[    0.000000] setup_percpu: NR_CPUS:8192 nr_cpumask_bits:2 nr_cpu_ids:2 nr_node_ids:1
[    0.000000] percpu: Embedded 50 pages/cpu s167936 r8192 d28672 u1048576
[    0.000000] PV qspinlock hash table entries: 256 (order: 0, 4096 bytes)
[    0.000000] Built 1 zonelists, mobility grouping on.  Total pages: 128889
[    0.000000] Policy zone: DMA32
[    0.000000] Kernel command line: BOOT_IMAGE=/boot/vmlinuz-4.15.0-212-generic root=LABEL=cloudimg-rootfs ro console=tty1 console=ttyS0
[    0.000000] Memory: 466548K/523832K available (12300K kernel code, 2477K rwdata, 4324K rodata, 2480K init, 2720K bss, 57284K reserved, 0K cma-reserved)
[    0.000000] SLUB: HWalign=64, Order=0-3, MinObjects=0, CPUs=2, Nodes=1
[    0.000000] ftrace: allocating 39508 entries in 155 pages
[    0.004000] Hierarchical RCU implementation.
[    0.004000] 	RCU restricting CPUs from NR_CPUS=8192 to nr_cpu_ids=2.
[    0.004000] 	Tasks RCU enabled.
[    0.004000] RCU: Adjusting geometry for rcu_fanout_leaf=16, nr_cpu_ids=2
[    0.004000] NR_IRQS: 524544, nr_irqs: 440, preallocated irqs: 16
[    0.004000] random: crng init done
[    0.004000] Console: colour VGA+ 80x25
[    0.004000] console [tty1] enabled
[    0.004000] console [ttyS0] enabled
[    0.004000] ACPI: Core revision 20170831
[    0.004000] ACPI: 2 ACPI AML tables successfully acquired and loaded
[    0.004000] APIC: Switch to symmetric I/O mode setup
[    0.004000] ..TIMER: vector=0x30 apic1=0 pin1=2 apic2=-1 pin2=-1
[    0.004000] tsc: Detected 1190.403 MHz processor
[    0.004000] Calibrating delay loop (skipped) preset value.. 2380.80 BogoMIPS (lpj=4761612)
[    0.004011] pid_max: default: 32768 minimum: 301
[    0.008042] Security Framework initialized
[    0.012006] Yama: becoming mindful.
[    0.016034] AppArmor: AppArmor initialized
[    0.020101] Dentry cache hash table entries: 65536 (order: 7, 524288 bytes)
[    0.024041] Inode-cache hash table entries: 32768 (order: 6, 262144 bytes)
[    0.028019] Mount-cache hash table entries: 1024 (order: 1, 8192 bytes)
[    0.036013] Mountpoint-cache hash table entries: 1024 (order: 1, 8192 bytes)
[    0.045948] Last level iTLB entries: 4KB 0, 2MB 0, 4MB 0
[    0.048005] Last level dTLB entries: 4KB 0, 2MB 0, 4MB 0, 1GB 0
[    0.052006] Spectre V1 : Mitigation: usercopy/swapgs barriers and __user pointer sanitization
[    0.056006] Spectre V2 : Mitigation: Enhanced IBRS
[    0.060004] Spectre V2 : Spectre v2 / SpectreRSB mitigation: Filling RSB on context switch
[    0.064004] Spectre V2 : Spectre v2 / PBRSB-eIBRS: Retire a single CALL on VMEXIT
[    0.068006] RETBleed: Mitigation: Enhanced IBRS
[    0.072003] Speculative Store Bypass: Vulnerable
[    0.076069] MMIO Stale Data: Vulnerable: Clear CPU buffers attempted, no microcode
[    0.080012] SRBDS: Unknown: Dependent on hypervisor status
[    0.084254] Freeing SMP alternatives memory: 36K
[    0.204656] smpboot: CPU0: Intel(R) Core(TM) i5-1035G1 CPU @ 1.00GHz (family: 0x6, model: 0x7e, stepping: 0x5)
[    0.208166] Performance Events: unsupported p6 CPU model 126 no PMU driver, software events only.
[    0.212071] Hierarchical SRCU implementation.
[    0.216719] NMI watchdog: Perf event create on CPU 0 failed with -2
[    0.220006] NMI watchdog: Perf NMI watchdog permanently disabled
[    0.224083] smp: Bringing up secondary CPUs ...
[    0.228099] x86: Booting SMP configuration:
[    0.232091] .... node  #0, CPUs:      #1
[    0.004000] kvm-clock: cpu 1, msr 0:1ff44041, secondary cpu clock
[    0.248000] TSC synchronization [CPU#0 -> CPU#1]:
[    0.248000] Measured 71915 cycles TSC warp between CPUs, turning off TSC clock.
[    0.248000] tsc: Marking TSC unstable due to check_tsc_sync_source failed
[    0.252283] smp: Brought up 1 node, 2 CPUs
[    0.256012] smpboot: Max logical packages: 1
[    0.260007] smpboot: Total of 2 processors activated (4761.61 BogoMIPS)
[    0.264294] devtmpfs: initialized
[    0.268058] x86/mm: Memory block size: 128MB
[    0.272111] evm: security.selinux
[    0.276006] evm: security.SMACK64
[    0.280004] evm: security.SMACK64EXEC
[    0.283262] evm: security.SMACK64TRANSMUTE
[    0.284004] evm: security.SMACK64MMAP
[    0.288002] evm: security.apparmor
[    0.292003] evm: security.ima
[    0.296022] evm: security.capability
[    0.304376] clocksource: jiffies: mask: 0xffffffff max_cycles: 0xffffffff, max_idle_ns: 7645041785100000 ns
[    0.308022] futex hash table entries: 512 (order: 3, 32768 bytes)
[    0.312095] pinctrl core: initialized pinctrl subsystem
[    0.316530] RTC time: 20:19:08, date: 07/07/24
[    0.324031] NET: Registered protocol family 16
[    0.328150] audit: initializing netlink subsys (disabled)
[    0.332209] audit: type=2000 audit(1720383553.883:1): state=initialized audit_enabled=0 res=1
[    0.344012] cpuidle: using governor ladder
[    0.348014] cpuidle: using governor menu
[    0.352067] ACPI: bus type PCI registered
[    0.356004] acpiphp: ACPI Hot Plug PCI Controller Driver version: 0.5
[    0.360429] PCI: Using configuration type 1 for base access
[    0.368418] HugeTLB registered 2.00 MiB page size, pre-allocated 0 pages
[    0.376572] ACPI: Added _OSI(Module Device)
[    0.380009] ACPI: Added _OSI(Processor Device)
[    0.384003] ACPI: Added _OSI(3.0 _SCP Extensions)
[    0.388003] ACPI: Added _OSI(Processor Aggregator Device)
[    0.392028] ACPI: Added _OSI(Linux-Dell-Video)
[    0.396008] ACPI: Added _OSI(Linux-Lenovo-NV-HDMI-Audio)
[    0.400006] ACPI: Added _OSI(Linux-HPI-Hybrid-Graphics)
[    0.408228] ACPI: Executed 1 blocks of module-level executable AML code
[    0.418135] ACPI: Interpreter enabled
[    0.420016] ACPI: (supports S0 S5)
[    0.424004] ACPI: Using IOAPIC for interrupt routing
[    0.428564] PCI: Using host bridge windows from ACPI; if necessary, use "pci=nocrs" and report a bug
[    0.432299] ACPI: Enabled 2 GPEs in block 00 to 07
[    0.449978] ACPI: PCI Root Bridge [PCI0] (domain 0000 [bus 00-ff])
[    0.452023] acpi PNP0A03:00: _OSC: OS supports [ASPM ClockPM Segments MSI]
[    0.457091] acpi PNP0A03:00: _OSC: not requesting OS control; OS requires [ExtendedConfig ASPM ClockPM MSI]
[    0.460025] acpi PNP0A03:00: fail to add MMCONFIG information, can't access extended PCI configuration space under this bridge.
[    0.468763] PCI host bridge to bus 0000:00
[    0.472005] pci_bus 0000:00: root bus resource [io  0x0000-0x0cf7 window]
[    0.476004] pci_bus 0000:00: root bus resource [io  0x0d00-0xffff window]
[    0.480004] pci_bus 0000:00: root bus resource [mem 0x000a0000-0x000bffff window]
[    0.484004] pci_bus 0000:00: root bus resource [mem 0x20000000-0xfdffffff window]
[    0.488005] pci_bus 0000:00: root bus resource [bus 00-ff]
[    0.500618] pci 0000:00:01.1: legacy IDE quirk: reg 0x10: [io  0x01f0-0x01f7]
[    0.504005] pci 0000:00:01.1: legacy IDE quirk: reg 0x14: [io  0x03f6]
[    0.508008] pci 0000:00:01.1: legacy IDE quirk: reg 0x18: [io  0x0170-0x0177]
[    0.512010] pci 0000:00:01.1: legacy IDE quirk: reg 0x1c: [io  0x0376]
[    0.545746] pci 0000:00:07.0: quirk: [io  0x4000-0x403f] claimed by PIIX4 ACPI
[    0.552046] pci 0000:00:07.0: quirk: [io  0x4100-0x410f] claimed by PIIX4 SMB
[    0.572820] ACPI: PCI Interrupt Link [LNKA] (IRQs 5 9 10 *11)
[    0.576757] ACPI: PCI Interrupt Link [LNKB] (IRQs 5 9 *10 11)
[    0.580345] ACPI: PCI Interrupt Link [LNKC] (IRQs 5 *9 10 11)
[    0.584260] ACPI: PCI Interrupt Link [LNKD] (IRQs 5 9 10 *11)
[    0.588850] SCSI subsystem initialized
[    0.592307] pci 0000:00:02.0: vgaarb: setting as boot VGA device
[    0.596000] pci 0000:00:02.0: vgaarb: VGA device added: decodes=io+mem,owns=io+mem,locks=none
[    0.596006] pci 0000:00:02.0: vgaarb: bridge control possible
[    0.600004] vgaarb: loaded
[    0.603076] ACPI: bus type USB registered
[    0.604022] usbcore: registered new interface driver usbfs
[    0.608064] usbcore: registered new interface driver hub
[    0.612022] usbcore: registered new device driver usb
[    0.616336] EDAC MC: Ver: 3.0.0
[    0.624590] PCI: Using ACPI for IRQ routing
[    0.632641] NetLabel: Initializing
[    0.636007] NetLabel:  domain hash size = 128
[    0.640005] NetLabel:  protocols = UNLABELED CIPSOv4 CALIPSO
[    0.644072] NetLabel:  unlabeled traffic allowed by default
[    0.652549] clocksource: Switched to clocksource kvm-clock
[    0.686965] VFS: Disk quotas dquot_6.6.0
[    0.686965] VFS: Dquot-cache hash table entries: 512 (order 0, 4096 bytes)
[    0.686965] AppArmor: AppArmor Filesystem Enabled
[    0.686965] pnp: PnP ACPI init
[    0.686965] pnp: PnP ACPI: found 3 devices
[    0.794156] clocksource: acpi_pm: mask: 0xffffff max_cycles: 0xffffff, max_idle_ns: 2085701024 ns
[    0.796305] NET: Registered protocol family 2
[    0.796305] IP idents hash table entries: 8192 (order: 4, 65536 bytes)
[    0.820278] TCP established hash table entries: 4096 (order: 3, 32768 bytes)
[    0.828460] TCP bind hash table entries: 4096 (order: 4, 65536 bytes)
[    0.836189] TCP: Hash tables configured (established 4096 bind 4096)
[    0.839868] UDP hash table entries: 256 (order: 1, 8192 bytes)
[    0.839868] UDP-Lite hash table entries: 256 (order: 1, 8192 bytes)
[    0.839868] NET: Registered protocol family 1
[    0.839868] pci 0000:00:00.0: Limiting direct PCI/PCI transfers
[    0.839868] pci 0000:00:01.0: Activating ISA DMA hang workarounds
[    0.839868] pci 0000:00:02.0: Video device with shadowed ROM at [mem 0x000c0000-0x000dffff]
[    0.839868] Unpacking initramfs...
[    1.269353] Freeing initrd memory: 19528K
[    1.488562] clocksource: tsc: mask: 0xffffffffffffffff max_cycles: 0x1128b1be6ad, max_idle_ns: 440795207191 ns
[    1.502869] platform rtc_cmos: registered platform RTC device (no PNP device found)
[    1.511763] Scanning for low memory corruption every 60 seconds
[    1.520003] Initialise system trusted keyrings
[    1.525840] Key type blacklist registered
[    1.531132] workingset: timestamp_bits=36 max_order=17 bucket_order=0
[    1.551909] zbud: loaded
[    1.560168] squashfs: version 4.0 (2009/01/31) Phillip Lougher
[    1.569283] fuse init (API version 7.26)
[    1.612978] Key type asymmetric registered
[    1.626174] Asymmetric key parser 'x509' registered
[    1.640844] Block layer SCSI generic (bsg) driver version 0.4 loaded (major 246)
[    1.661603] io scheduler noop registered
[    1.673379] io scheduler deadline registered
[    1.686176] io scheduler cfq registered (default)
[    1.705537] ACPI: AC Adapter [AC] (on-line)
[    1.720052] input: Power Button as /devices/LNXSYSTM:00/LNXPWRBN:00/input/input0
[    1.740911] ACPI: Power Button [PWRF]
[    1.746954] input: Sleep Button as /devices/LNXSYSTM:00/LNXSLPBN:00/input/input1
[    1.756155] ACPI: Sleep Button [SLPF]
[    1.761335] Serial: 8250/16550 driver, 32 ports, IRQ sharing enabled
[    1.763365] ACPI: Battery Slot [BAT0] (battery present)
[    1.805149] 00:02: ttyS0 at I/O 0x3f8 (irq = 4, base_baud = 115200) is a 16550A
[    1.827296] Linux agpgart interface v0.103
[    1.844193] loop: module loaded
[    1.855651] scsi host0: ata_piix
[    1.864967] scsi host1: ata_piix
[    1.874940] ata1: PATA max UDMA/33 cmd 0x1f0 ctl 0x3f6 bmdma 0xd000 irq 14
[    1.894595] ata2: PATA max UDMA/33 cmd 0x170 ctl 0x376 bmdma 0xd008 irq 15
[    1.909223] tun: Universal TUN/TAP device driver, 1.6
[    1.917553] PPP generic driver version 2.4.2
[    1.927797] ehci_hcd: USB 2.0 'Enhanced' Host Controller (EHCI) Driver
[    1.935952] ehci-pci: EHCI PCI platform driver
[    1.939995] ehci-platform: EHCI generic platform driver
[    1.947505] ohci_hcd: USB 1.1 'Open' Host Controller (OHCI) Driver
[    1.953017] ohci-pci: OHCI PCI platform driver
[    1.957612] ohci-platform: OHCI generic platform driver
[    1.963094] uhci_hcd: USB Universal Host Controller Interface driver
[    1.969179] i8042: PNP: PS/2 Controller [PNP0303:PS2K,PNP0f03:PS2M] at 0x60,0x64 irq 1,12
[    1.982901] serio: i8042 KBD port at 0x60,0x64 irq 1
[    1.990203] serio: i8042 AUX port at 0x60,0x64 irq 12
[    1.999755] mousedev: PS/2 mouse device common for all mice
[    2.013793] input: AT Translated Set 2 keyboard as /devices/platform/i8042/serio0/input/input2
[    2.013901] rtc_cmos rtc_cmos: rtc core: registered rtc_cmos as rtc0
[    2.168754] rtc_cmos rtc_cmos: alarms up to one day, 114 bytes nvram
[    2.177872] i2c /dev entries driver
[    2.182119] device-mapper: uevent: version 1.0.3
[    2.188739] device-mapper: ioctl: 4.37.0-ioctl (2017-09-20) initialised: dm-devel@redhat.com
[    2.233819] ledtrig-cpu: registered to indicate activity on CPUs
[    2.249469] NET: Registered protocol family 10
[    2.283598] Segment Routing with IPv6
[    2.294022] NET: Registered protocol family 17
[    2.306687] Key type dns_resolver registered
[    2.318661] mce: Using 0 MCE banks
[    2.325832] RAS: Correctable Errors collector initialized.
[    2.333236] sched_clock: Marking stable (2333184588, 0)->(3505737367, -1172552779)
[    2.358236] registered taskstats version 1
[    2.366740] Loading compiled-in X.509 certificates
[    2.384755] Loaded X.509 cert 'Build time autogenerated kernel key: b5b26778eaa3ab3a4a6cee031137706e947d12ad'
[    2.402238] Loaded X.509 cert 'Canonical Ltd. Live Patch Signing: 14df34d1a87cf37625abec039ef2bf521249b969'
[    2.413013] Loaded X.509 cert 'Canonical Ltd. Kernel Module Signing: 88f752e560a1e0737e31163a466ad7b70a850c19'
[    2.424295] blacklist: Loading compiled-in revocation X.509 certificates
[    2.439035] Loaded X.509 cert 'Canonical Ltd. Secure Boot Signing: 61482aa2830d0ab2ad5af10b7250da9033ddcef0'
[    2.462902] Loaded X.509 cert 'Canonical Ltd. Secure Boot Signing (2017): 242ade75ac4a15e50d50c84b0d45ff3eae707a03'
[    2.477313] Loaded X.509 cert 'Canonical Ltd. Secure Boot Signing (ESM 2018): 365188c1d374d6b07c3c8f240f8ef722433d6a8b'
[    2.488083] Loaded X.509 cert 'Canonical Ltd. Secure Boot Signing (2019): c0746fd6c5da3ae827864651ad66ae47fe24b3e8'
[    2.498334] Loaded X.509 cert 'Canonical Ltd. Secure Boot Signing (2021 v1): a8d54bbb3825cfb94fa13c9f8a594a195c107b8d'
[    2.508272] Loaded X.509 cert 'Canonical Ltd. Secure Boot Signing (2021 v2): 4cf046892d6fd3c9a5b03f98d845f90851dc6a8c'
[    2.519352] Loaded X.509 cert 'Canonical Ltd. Secure Boot Signing (2021 v3): 100437bb6de6e469b581e61cd66bce3ef4ed53af'
[    2.540528] Loaded X.509 cert 'Canonical Ltd. Secure Boot Signing (Ubuntu Core 2019): c1d57b8f6b743f23ee41f4f7ee292f06eecadfb9'
[    2.566869] zswap: loaded using pool lzo/zbud
[    2.605090] Key type big_key registered
[    2.614722] Key type trusted registered
[    2.635229] Key type encrypted registered
[    2.649432] AppArmor: AppArmor sha1 policy hashing enabled
[    2.659933] ima: No TPM chip found, activating TPM-bypass! (rc=-19)
[    2.670409] ima: Allocated hash algorithm: sha1
[    2.676964] evm: HMAC attrs: 0x1
[    2.681406]   Magic number: 0:924:345
[    2.686195] tty tty62: hash matches
[    2.690286] rtc_cmos rtc_cmos: setting system clock to 2024-07-07 20:19:11 UTC (1720383551)
[    2.698220] BIOS EDD facility v0.16 2004-Jun-25, 0 devices found
[    2.703733] EDD information not available.
[    2.710731] Freeing unused kernel image memory: 2480K
[    2.737757] Write protecting the kernel read-only data: 20480k
[    2.752948] Freeing unused kernel image memory: 2008K
[    2.758709] Freeing unused kernel image memory: 1820K
[    2.773263] x86/mm: Checked W+X mappings: passed, no W+X pages found.
Loading, please wait...
starting version 237
[    2.953503] e1000: Intel(R) PRO/1000 Network Driver - version 7.3.21-k8-NAPI
[    2.966927] e1000: Copyright (c) 1999-2006 Intel Corporation.
[    2.977430] Fusion MPT base driver 3.04.20
[    2.986045] Copyright (c) 1999-2008 LSI Corporation
[    3.026499] Fusion MPT SPI Host driver 3.04.20
[    3.040659] SSE version of gcm_enc/dec engaged.
[    3.227597] input: ImExPS/2 Generic Explorer Mouse as /devices/platform/i8042/serio1/input/input4
[    3.957201] e1000 0000:00:03.0 eth0: (PCI:33MHz:32-bit) 02:3b:7b:b7:3b:2d
[    3.970507] e1000 0000:00:03.0 eth0: Intel(R) PRO/1000 Network Connection
[    4.825113] e1000 0000:00:08.0 eth1: (PCI:33MHz:32-bit) 08:00:27:86:81:d1
[    4.835449] e1000 0000:00:08.0 eth1: Intel(R) PRO/1000 Network Connection
[    4.858387] e1000 0000:00:08.0 enp0s8: renamed from eth1
[    4.877308] mptbase: ioc0: Initiating bringup
[    4.885851] e1000 0000:00:03.0 enp0s3: renamed from eth0
